<?xml version="1.0" encoding="UTF-8"?>
<!-- Generated by org.testng.reporters.JUnitReportReporter -->
<testsuite skipped="0" hostname="BDC6-DX-6BYDNK2" name="Day3.WebDriver_Demo1" tests="1" failures="0" timestamp="19 Sep 2019 04:40:29 GMT" time="33.771" errors="0">
  <testcase name="f" time="33.771" classname="Day3.WebDriver_Demo1"/>
</testsuite> <!-- Day3.WebDriver_Demo1 -->
